<?xml version="1.0" encoding="UTF-8"?>
<!-- Generated by org.testng.reporters.JUnitReportReporter -->
<testsuite hostname="LAPTOP-NMR2RL43" failures="0" tests="1" name="loginAutomate.Login" time="7.705" errors="0" timestamp="2024-08-28T18:14:35 IST" skipped="0">
  <testcase classname="loginAutomate.Login" name="verifyTitle" time="7.705"/>
  <system-out/>
</testsuite> <!-- loginAutomate.Login -->
