<?xml version="1.0" encoding="UTF-8"?>
<!-- Generated by org.testng.reporters.JUnitReportReporter -->
<testsuite hostname="LAPTOP-NMR2RL43" failures="0" tests="1" name="loginAutomate.Login" time="5.007" errors="0" timestamp="2024-09-04T11:02:41 IST" skipped="0">
  <testcase classname="loginAutomate.Login" name="verifyTitle" time="5.007"/>
  <system-out/>
</testsuite> <!-- loginAutomate.Login -->
