<?xml version="1.0" encoding="UTF-8"?>
<!-- Generated by org.testng.reporters.JUnitReportReporter -->
<testsuite hostname="LAPTOP-NMR2RL43" failures="0" tests="1" name="loginAutomate.Login" time="6.473" errors="0" timestamp="2024-08-28T17:34:20 IST" skipped="0">
  <testcase classname="loginAutomate.Login" name="verifyTitle" time="6.473"/>
  <system-out/>
</testsuite> <!-- loginAutomate.Login -->
